Mozilla ubuntu Web fail
Mozilla ubuntu Web success
Chrome Android Redmi Mobile success
XiaoMi-MiuiBrowser Android Redmi Mobile success
XiaoMi-MiuiBrowser Android Samsung  Mobile success
XiaoMi-MiuiBrowser Android Samsung Mobile success
XiaoMi-MiuiBrowser Android Redmi Mobile success
Chrome ubuntu Web success
Mozilla Macintosh Web success 
Mozilla Windows Web success
Mozilla iPhone iPhone Mobile success
Mozilla ubuntu Web booking fail
Mozilla ubuntu Web success
Chrome Android Redmi Mobile success
XiaoMi-MiuiBrowser Android Redmi Mobile success
XiaoMi-MiuiBrowser Android Samsung Mobile success
XiaoMi-MiuiBrowser Android Samsung Mobile success
XiaoMi-MiuiBrowser Android Redmi Mobile success
uc-browser Android Redmi Mobile success
Chrome ubuntu Web success
Mozilla Macintosh Web success 
Mozilla Windows Web success
Mozilla iPhone iPhone Mobile success
Mozilla iPhone iPhone Mobile success
Mozilla ubuntu Web booking fail
Mozilla ubuntu Web success
Chrome Android Redmi Mobile success
XiaoMi-MiuiBrowser Android Redmi Mobile success
XiaoMi-MiuiBrowser Android Samsung Mobile success
XiaoMi-MiuiBrowser Android Samsung Mobile success
XiaoMi-MiuiBrowser Android Redmi Mobile success
uc-browser Android Redmi Mobile success
Chrome ubuntu Web success
XiaoMi-MiuiBrowser Android Redmi Mobile success
Chrome ubuntu Web success
Mozilla Macintosh Web success 
Mozilla Windows Web success
Mozilla iPhone iPhone Mobile success
Mozilla ubuntu Web booking fail
Mozilla Windows Web success
Mozilla iPhone iPhone Mobile success
Mozilla iPhone iPhone Mobile success
Mozilla ubuntu Web fail
Mozilla ubuntu Web success
Chrome Android Redmi Mobile success
XiaoMi-MiuiBrowser Android Redmi Mobile success
XiaoMi-MiuiBrowser Android Samsung  Mobile success
XiaoMi-MiuiBrowser Android Samsung Mobile success
XiaoMi-MiuiBrowser Android Redmi Mobile success
Chrome ubuntu Web success
Mozilla Macintosh Web success 
Mozilla Windows Web success
Mozilla iPhone iPhone Mobile success
Mozilla ubuntu Web booking fail
Mozilla ubuntu Web success
Chrome Android Redmi Mobile success
XiaoMi-MiuiBrowser Android Redmi Mobile success
XiaoMi-MiuiBrowser Android Samsung Mobile success
XiaoMi-MiuiBrowser Android Samsung Mobile success
XiaoMi-MiuiBrowser Android Redmi Mobile success
uc-browser Android Redmi Mobile success
Chrome ubuntu Web success
Mozilla Macintosh Web success 
Mozilla Windows Web success
Mozilla iPhone iPhone Mobile success
Mozilla iPhone iPhone Mobile success
Mozilla ubuntu Web booking fail
Mozilla ubuntu Web success
Chrome Android Redmi Mobile success
XiaoMi-MiuiBrowser Android Redmi Mobile success
XiaoMi-MiuiBrowser Android Samsung Mobile success
XiaoMi-MiuiBrowser Android Samsung Mobile success
XiaoMi-MiuiBrowser Android Redmi Mobile success
uc-browser Android Redmi Mobile success
Chrome ubuntu Web success
XiaoMi-MiuiBrowser Android Redmi Mobile success
Chrome ubuntu Web success
Mozilla Macintosh Web success 
Mozilla Windows Web success
Mozilla iPhone iPhone Mobile success
Mozilla ubuntu Web booking fail
Mozilla Windows Web success
Mozilla iPhone iPhone Mobile success
Mozilla iPhone iPhone Mobile success
Mozilla iPhone iPhone Mobile success
Mozilla iPhone iPhone Mobile success
Mozilla Macintosh phone_call success
Mozilla Macintosh phone_call success
Mozilla Macintosh phone_call success
Mozilla ubuntu Web fail
Mozilla ubuntu Web success
Chrome Android Redmi Mobile success
XiaoMi-MiuiBrowser Android Redmi Mobile success
XiaoMi-MiuiBrowser Android Samsung  Mobile success
XiaoMi-MiuiBrowser Android Samsung Mobile success
XiaoMi-MiuiBrowser Android Redmi Mobile success
Chrome ubuntu Web success
Mozilla Macintosh Web success 
Mozilla Windows Web success
Mozilla iPhone iPhone Mobile success
Mozilla ubuntu Web booking fail
Mozilla ubuntu Web success
Chrome Android Redmi Mobile success
XiaoMi-MiuiBrowser Android Redmi Mobile success
XiaoMi-MiuiBrowser Android Samsung Mobile success
XiaoMi-MiuiBrowser Android Samsung Mobile success
XiaoMi-MiuiBrowser Android Redmi Mobile success
uc-browser Android Redmi Mobile success
Chrome ubuntu Web success
Mozilla Macintosh Web success 
Mozilla Windows Web success
Mozilla iPhone iPhone Mobile success
Mozilla ubuntu Web fail
Mozilla ubuntu Web success
Chrome Android Redmi Mobile success
XiaoMi-MiuiBrowser Android Redmi Mobile success
XiaoMi-MiuiBrowser Android Samsung  Mobile success
XiaoMi-MiuiBrowser Android Samsung Mobile success
XiaoMi-MiuiBrowser Android Redmi Mobile success
Chrome ubuntu Web success
Mozilla Macintosh Web success 
Mozilla Windows Web success
Mozilla iPhone iPhone Mobile success
Mozilla ubuntu Web booking fail
Mozilla ubuntu Web success
Chrome Android Redmi Mobile success
XiaoMi-MiuiBrowser Android Redmi Mobile success
XiaoMi-MiuiBrowser Android Samsung Mobile success
XiaoMi-MiuiBrowser Android Samsung Mobile success
XiaoMi-MiuiBrowser Android Redmi Mobile success
uc-browser Android Redmi Mobile success
Chrome ubuntu Web success
Mozilla Macintosh Web success 
Mozilla Windows Web success
Mozilla iPhone iPhone Mobile success
Mozilla iPhone iPhone Mobile success
Mozilla ubuntu Web booking fail
Mozilla ubuntu Web success
Chrome Android Redmi Mobile success
XiaoMi-MiuiBrowser Android Redmi Mobile success
XiaoMi-MiuiBrowser Android Samsung Mobile success
XiaoMi-MiuiBrowser Android Samsung Mobile success
XiaoMi-MiuiBrowser Android Redmi Mobile success
uc-browser Android Redmi Mobile success
Chrome ubuntu Web success
XiaoMi-MiuiBrowser Android Redmi Mobile success
Chrome ubuntu Web success
Mozilla Macintosh Web success 
Mozilla Windows Web success
Mozilla iPhone iPhone Mobile success
Mozilla ubuntu Web booking fail
Mozilla Windows Web success
Mozilla iPhone iPhone Mobile success
Mozilla iPhone iPhone Mobile success
